<?xml version="1.0" encoding="UTF-8"?>
<testng-results ignored="0" total="6" passed="6" failed="0" skipped="0">
  <reporter-output>
  </reporter-output>
  <suite started-at="2020-07-16T21:08:02 EDT" name="Suite" finished-at="2020-07-16T21:08:02 EDT" duration-ms="30">
    <groups>
    </groups>
    <test started-at="2020-07-16T21:08:02 EDT" name="Test" finished-at="2020-07-16T21:08:02 EDT" duration-ms="30">
      <class name="qaclickacademy.AppiumTest">
        <test-method signature="IOSapps()[pri:0, instance:qaclickacademy.AppiumTest@6385cb26]" started-at="2020-07-16T21:08:02 EDT" name="IOSapps" finished-at="2020-07-16T21:08:02 EDT" duration-ms="3" status="PASS">
          <reporter-output>
          </reporter-output>
        </test-method> <!-- IOSapps -->
        <test-method signature="NativeAppAndroid()[pri:0, instance:qaclickacademy.AppiumTest@6385cb26]" started-at="2020-07-16T21:08:02 EDT" name="NativeAppAndroid" finished-at="2020-07-16T21:08:02 EDT" duration-ms="0" status="PASS">
          <reporter-output>
          </reporter-output>
        </test-method> <!-- NativeAppAndroid -->
      </class> <!-- qaclickacademy.AppiumTest -->
      <class name="qaclickacademy.RestAPITest">
        <test-method signature="deleteTwitter()[pri:0, instance:qaclickacademy.RestAPITest@28c4711c]" started-at="2020-07-16T21:08:02 EDT" name="deleteTwitter" finished-at="2020-07-16T21:08:02 EDT" duration-ms="0" status="PASS">
          <reporter-output>
          </reporter-output>
        </test-method> <!-- deleteTwitter -->
        <test-method signature="postJira()[pri:0, instance:qaclickacademy.RestAPITest@28c4711c]" started-at="2020-07-16T21:08:02 EDT" name="postJira" finished-at="2020-07-16T21:08:02 EDT" duration-ms="1" status="PASS">
          <reporter-output>
          </reporter-output>
        </test-method> <!-- postJira -->
      </class> <!-- qaclickacademy.RestAPITest -->
      <class name="qaclickacademy.SeleniumTest">
        <test-method signature="elementsUi()[pri:0, instance:qaclickacademy.SeleniumTest@38364841]" started-at="2020-07-16T21:08:02 EDT" name="elementsUi" finished-at="2020-07-16T21:08:02 EDT" duration-ms="1" status="PASS">
          <reporter-output>
          </reporter-output>
        </test-method> <!-- elementsUi -->
        <test-method signature="BrowserAutomation()[pri:0, instance:qaclickacademy.SeleniumTest@38364841]" started-at="2020-07-16T21:08:02 EDT" name="BrowserAutomation" finished-at="2020-07-16T21:08:02 EDT" duration-ms="0" status="PASS">
          <reporter-output>
          </reporter-output>
        </test-method> <!-- BrowserAutomation -->
      </class> <!-- qaclickacademy.SeleniumTest -->
    </test> <!-- Test -->
  </suite> <!-- Suite -->
</testng-results>
